<?xml version="1.0" encoding="utf-8"?><testsuites name="pytest tests"><testsuite name="pytest" errors="0" failures="0" skipped="0" tests="5" time="1.704" timestamp="2026-04-23T15:23:58.926157+00:00" hostname="agent-env-d5052460-ee9c-4aaf-b826-9c3708a0625c"><testcase classname="backend.tests.test_auth_signup_onboarding_flow" name="test_healthz_endpoint" time="0.272" /><testcase classname="backend.tests.test_auth_signup_onboarding_flow" name="test_signup_verify_onboarding_billing_flow" time="0.689" /><testcase classname="backend.tests.test_auth_signup_onboarding_flow" name="test_stable_login_for_saved_admin_account" time="0.284" /><testcase classname="backend.tests.test_auth_signup_onboarding_flow" name="test_consolidated_sql_file_exists_and_non_empty" time="0.000" /><testcase classname="backend.tests.test_auth_signup_onboarding_flow" name="test_create_verified_onboarding_pending_user_for_ui" time="0.381" /></testsuite></testsuites>